2025-09-20 02:22:15 - New submission from: test (test@gmail.com) - Phone: 123456789
2025-09-20 02:31:04 - New submission from: test2 (test2@gmail.com) - Phone: 1235
2025-09-20 02:33:12 - New submission from: test3 (test3@gmail.com) - Phone: 12385
2025-09-20 02:33:26 - New submission from: test3 (test3@gmail.com) - Phone: 12385
2025-09-20 02:33:31 - New submission from: test3 (test3@gmail.com) - Phone: 12385
2025-09-22 16:44:32 - New submission from: test3 (test3@gmail.com) - Phone: 12584
2025-09-22 16:46:10 - New submission from: test (test@gmail.com) - Phone: 1258
2025-09-22 16:50:17 - New submission from: test (test@gmail.com) - Phone: 1235
2025-09-22 17:05:55 - New submission from: test (test@gmail.com) - Phone: 12358
2025-09-23 04:29:43 - New submission from: Ankit Mishra (ankit.290116mishra@gmail.com) - Phone: 919266141479
2025-09-24 10:42:37 - New submission from: Ankit S (info@bestaiseocompany.com) - Phone: (949) 508-0277
2025-09-24 23:41:25 - New submission from: Terry Fowler (terryfowlerr83@gmail.com) - Phone: 1201201200
2025-09-25 05:03:02 - New submission from: Raymondundug (no.reply.LarsKarlsen@gmail.com) - Phone: 83395519332
2025-09-29 12:36:52 - New submission from: Mike Karl Bonnet (info@speed-seo.net) - Phone: 86699973829
2025-09-29 18:31:20 - New submission from: test1 (test1@gmail.com) - Phone: 123456789
2025-09-29 18:32:31 - New submission from: test2 (test2@gmail.com) - Phone: 123456789
2025-09-29 18:33:20 - New submission from: test3 (test3@gmail.com) - Phone: 123456789
2025-09-29 18:47:33 - New submission from: test1 (test@test.com) - Phone: 14692383857
2025-09-29 19:48:04 - New submission from: test (test@gmail.com) - Phone: 1235
2025-09-29 19:50:14 - New submission from: test2 (test2@gmail.com) - Phone: 4545
2025-09-29 19:50:54 - New submission from: test3 (test@gmail.com) - Phone: 545652
2025-09-30 21:58:38 - New submission from: Joan Romo (joan@arrpromo.com) - Phone: 2629022089
2025-10-01 00:55:21 - New submission from: Yuli Ama Luna (julcha@gmail.com) - Phone: 2404212147
2025-10-01 00:55:34 - New submission from: Yuli Ama Luna (julcha@gmail.com) - Phone: 2404212147
2025-10-01 00:55:53 - New submission from: Yuli Ama Luna (julcha@gmail.com) - Phone: 2404212147
2025-10-02 04:06:03 - New submission from: Tesypop2oct (t@t.com) - Phone: 2134776544
2025-10-02 04:06:13 - New submission from: Tesypop2oct (t@t.com) - Phone: 2134776544
2025-10-02 04:06:23 - New submission from: Tesypop2oct (t@t.com) - Phone: 2134776544
2025-10-02 04:06:25 - New submission from: Tesypop2oct (t@t.com) - Phone: 2134776544
2025-10-02 04:06:27 - New submission from: Tesypop2oct (t@t.com) - Phone: 2134776544
2025-10-02 04:06:28 - New submission from: Tesypop2oct (t@t.com) - Phone: 2134776544
2025-10-02 04:06:41 - New submission from: Test2oct (temoormoghul@gmail.com) - Phone: 0333 3030505
2025-10-02 04:06:50 - New submission from: Tesypop2oct (t@t.com) - Phone: 2134776544
2025-10-02 04:08:04 - New submission from: Tesypop2octtt (t@t.com) - Phone: 2134776544558
2025-10-02 04:11:27 - New submission from: Test (test@test.com) - Phone: 31313311313
2025-10-02 04:22:56 - New submission from: Lasttesttedr (none@none.com) - Phone: 2134776544
2025-10-02 11:07:45 - New submission from: test (test@gmail.com) - Phone: 08523652
2025-10-02 11:13:53 - New submission from: test2 (test2@gmail.com) - Phone: 086523
2025-10-02 15:11:57 - New submission from: Frederick Schofield (FredDSkof@gmail.com) - Phone: 2153780808
2025-10-02 15:12:35 - New submission from: Frederick Schofield (FredDSkof@gmail.com) - Phone: 2153780808
2025-10-02 21:49:26 - New submission from: Popchecktem (none@none.com) - Phone: 2442
2025-10-02 21:50:16 - New submission from: Tembanner (none@none.com) - Phone: 4155990696
2025-10-02 21:51:01 - New submission from: Temfooter (none@none.com) - Phone: 98409138
2025-10-02 22:04:10 - New submission from: Kylenw (none@none.com) - Phone: 4155990696
2025-10-05 04:25:37 - New submission from: Mike Torsten Wilson (mike@monkeydigital.co) - Phone: 83127281299
2025-10-06 20:22:51 - New submission from: poptest2 (none@none.com) - Phone: 1561
2025-10-06 20:22:57 - New submission from: Bannertest (test@test.com) - Phone: 1561561
2025-10-06 20:23:18 - New submission from: Footertest (none@none.com) - Phone: fwd
2025-10-08 04:09:15 - New submission from: Samuelutisa (piotr@enso.finance) - Phone: 83358777575
2025-10-11 21:15:00 - New submission from: Mike Olivier Janssens (mike@monkeydigital.co) - Phone: 83157884836
2025-10-17 07:45:21 - New submission from: Sonam Prajapati (sonam.dgtlsolution@gmail.com) - Phone: 9266141479
2025-10-17 16:13:25 - New submission from: Niketa (niketa.rocketdigitaltech@gmail.com) - Phone: 7532833829
2025-10-19 19:12:23 - New submission from: Roland Rehfisch (register@websearchindexing.site) - Phone: 327408918
2025-10-20 19:20:39 - New submission from: Bonny Sterrett (register@websearchindexing.site) - Phone: 592939404
2025-10-21 16:08:10 - New submission from: Niketa (dakota.igo@googlemail.com) - Phone: 7532833829
2025-10-23 01:41:50 - New submission from: Dear http://bookpublishing4u.com/fekal0911 Owner (pirduhina96@gmail.com) - Phone: 917121779
2025-10-27 10:26:25 - New submission from: Deepak Parcha (parchad78@gmail.com) - Phone: 7678308208
2025-10-29 13:09:50 - New submission from: Andrewfef (no.reply.WolfgangBernard@gmail.com) - Phone: 83192252692
2025-10-29 20:03:22 - New submission from: Chelsey Vanwagenen (domains@indexsubmit.net) - Phone: 7081721716
2025-11-04 14:49:41 - New submission from: Andrewfef (no.reply.LouisRouxson@gmail.com) - Phone: 84945277353
2025-11-07 17:50:19 - New submission from: Laura Claborn (join@domainsindex.pro) - Phone: 7408521915
2025-11-09 07:40:54 - New submission from: Margo Benefield (aboout@airegistry.pro) - Phone: 1146846151
2025-11-09 19:30:28 - New submission from: Shari Mccloskey (register@domainsubmit.pro) - Phone: 43288327
2025-11-09 23:36:36 - New submission from: Hello http://bookpublishing4u.com/fekal0911 Admin (innarusha1105@gmail.com) - Phone: 6608390348
2025-11-10 17:36:03 - New submission from: Francis Blanco (aboout@airegistry.pro) - Phone: 3165261836
2025-11-14 06:23:06 - New submission from: Deepa Gupta (temeka.cloud57@msn.com) - Phone: 9266141479
2025-11-17 02:48:08 - New submission from: Mike Noah Vincent (info@strictlydigital.net) - Phone: 83966254615
2025-11-17 19:45:59 - New submission from: Deepak Parcha (parchad78@gmail.com) - Phone: 9217127210
2025-11-20 20:13:20 - New submission from: BD-Director  Alexander (alexamin777@yahoo.com) - Phone: 87335474197
2025-11-21 17:19:31 - New submission from: Deepa (randolph.dhage@gmail.com) - Phone: 24452790
2025-11-21 22:04:23 - New submission from: Deepak Parcha (parchad78@gmail.com) - Phone: 9217127210
2025-11-22 08:23:27 - New submission from: Anaya Prajapati (anaya.dgtlsolution@gmail.com) - Phone: 7042514198
2025-11-23 18:49:19 - New submission from: Mike Felix Hoffmann (info@speed-seo.net) - Phone: 83625753788
2025-11-28 16:03:20 - New submission from: Mike Gustavo Kristiansen (info@professionalseocleanup.com) - Phone: 82581744742
2025-11-30 09:25:31 - New submission from: Mike Alain Kristiansen (mike@monkeydigital.co) - Phone: 85929137323
2025-12-04 00:47:01 - New submission from: Dear http://bookpublishing4u.com/fekal0911 Owner (innarusha1105@gmail.com) - Phone: 4183647781
2025-12-05 13:55:46 - New submission from: Mike Jan De Jong (mike@monkeydigital.co) - Phone: 85773446269
2025-12-14 22:30:03 - New submission from: Hello http://bookpublishing4u.com/fekal0911 Webmaster (innarusha1105@gmail.com) - Phone: 354330885
2025-12-21 22:27:21 - New submission from: Mike Claus Girard (info@speed-seo.net) - Phone: 83477285397
2025-12-26 19:59:10 - New submission from: To the http://bookpublishing4u.com/fekal0911 Admin (innarusha1105@gmail.com) - Phone: 4649578
2025-12-26 21:49:04 - New submission from: Mike Francois Larsen (mike@monkeydigital.co) - Phone: 84929579438
2025-12-29 14:11:27 - New submission from: Jayrn Smith (niles.wanda@gmail.com) - Phone: 3681537063
2026-01-05 18:50:44 - New submission from: Mike Karl-Erik Persson (info@strictlydigital.net) - Phone: 84651976858
2026-01-08 17:41:19 - New submission from: Hi http://bookpublishing4u.com/fekal0911 Owner (innarusha1105@gmail.com) - Phone: 6885907133
2026-01-12 11:37:54 - New submission from: Hello http://bookpublishing4u.com/fekal0911 Webmaster (jqgtzsoclf@rambler.ru) - Phone: 390897284
2026-01-18 00:36:55 - New submission from: Davidtar (cookep13@madeiratravelnews.com) - Phone: 85384448889
2026-01-18 12:46:17 - New submission from: Mike Jan-Olof Johansen (info@speed-seo.net) - Phone: 84518828545
2026-01-18 19:24:16 - New submission from: Andrewfef (no.reply.PhilippeDavid@gmail.com) - Phone: 81414745298
